<?xml version="1.0" encoding="UTF-8"?>
<!-- Generated by org.testng.reporters.JUnitXMLReporter -->
<testsuite ignored="0" hostname="BLR1-LHP-N81084" failures="0" tests="7" name="Default test" time="36.214" errors="0" timestamp="2022-08-22T09:40:56 IST">
  <testcase classname="com.automation.Test.BookingTest" name="turnOffWifi" time="7.22"/>
  <testcase classname="com.automation.Test.BookingTest" name="loadSearchPage" time="0.298">
    <skipped/>
  </testcase> <!-- loadSearchPage -->
  <testcase classname="com.automation.Test.BookingTest" name="loadSearchPage" time="0.046">
    <skipped/>
  </testcase> <!-- loadSearchPage -->
  <testcase classname="com.automation.Test.BookingTest" name="loadSearchPage" time="0.048">
    <skipped/>
  </testcase> <!-- loadSearchPage -->
  <testcase classname="com.automation.Test.BookingTest" name="loadSearchPage" time="5.028">
    <skipped/>
  </testcase> <!-- loadSearchPage -->
  <testcase classname="com.automation.Test.BookingTest" name="loadSearchPage" time="0.678"/>
  <testcase classname="com.automation.Test.BookingTest" name="verifyBooking" time="1.134"/>
</testsuite> <!-- Default test -->
