<?xml version="1.0" encoding="UTF-8"?>
<!-- Generated by org.testng.reporters.JUnitXMLReporter -->
<testsuite ignored="0" hostname="BLR1-LHP-N81084" failures="1" tests="7" name="BookTest" time="43.575" errors="0" timestamp="2022-08-21T11:40:38 IST">
  <testcase classname="com.automation.Test.BookingTest" name="turnOffWifi" time="10.004">
    <failure type="org.testng.internal.thread.ThreadTimeoutException" message="Method com.automation.Test.BookingTest.turnOffWifi() didn&amp;apos;t finish within the time-out 10000">
      <![CDATA[org.testng.internal.thread.ThreadTimeoutException: Method com.automation.Test.BookingTest.turnOffWifi() didn't finish within the time-out 10000
at java.base/java.util.ArrayList.forEach(ArrayList.java:1511)
... Removed 24 stack frames]]>
    </failure>
  </testcase> <!-- turnOffWifi -->
  <testcase classname="com.automation.Test.BookingTest" name="loadSearchPage" time="2.252">
    <skipped/>
  </testcase> <!-- loadSearchPage -->
  <testcase classname="com.automation.Test.BookingTest" name="loadSearchPage" time="0.105">
    <skipped/>
  </testcase> <!-- loadSearchPage -->
  <testcase classname="com.automation.Test.BookingTest" name="loadSearchPage" time="0.106">
    <skipped/>
  </testcase> <!-- loadSearchPage -->
  <testcase classname="com.automation.Test.BookingTest" name="loadSearchPage" time="0.108">
    <skipped/>
  </testcase> <!-- loadSearchPage -->
  <testcase classname="com.automation.Test.BookingTest" name="loadSearchPage" time="2.026"/>
  <testcase classname="com.automation.Test.BookingTest" name="verifyBooking" time="6.203"/>
</testsuite> <!-- BookTest -->
