<?xml version="1.0" encoding="UTF-8"?>
<!-- Generated by org.testng.reporters.JUnitXMLReporter -->
<testsuite ignored="0" hostname="BLR1-LHP-N81084" failures="0" tests="2" name="bookinga7c893cc-19cd-49fe-8343-ccfef07b844a" time="6.759" errors="0" timestamp="2022-09-06T14:20:23 IST">
  <testcase classname="com.automation.Test.BookingTest" name="loadSearchPage" time="1.822"/>
  <testcase classname="com.automation.Test.BookingTest" name="verifyBooking" time="2.056"/>
</testsuite> <!-- bookinga7c893cc-19cd-49fe-8343-ccfef07b844a -->
