<?xml version="1.0" encoding="UTF-8"?>
<!-- Generated by org.testng.reporters.JUnitXMLReporter -->
<testsuite ignored="0" hostname="BLR1-LHP-N81084" failures="1" tests="3" name="BookFlightTest" time="22.172" errors="0" timestamp="2022-08-21T12:14:12 IST">
  <testcase classname="com.automation.Test.BookingTest" name="turnOffWifi" time="10.009">
    <failure type="org.testng.internal.thread.ThreadTimeoutException" message="Method com.automation.Test.BookingTest.turnOffWifi() didn&amp;apos;t finish within the time-out 10000">
      <![CDATA[org.testng.internal.thread.ThreadTimeoutException: Method com.automation.Test.BookingTest.turnOffWifi() didn't finish within the time-out 10000
at java.base/java.util.ArrayList.forEach(ArrayList.java:1511)
at com.automation.Test.NGRunner.main(NGRunner.java:74)
... Removed 21 stack frames]]>
    </failure>
  </testcase> <!-- turnOffWifi -->
  <testcase classname="com.automation.Test.BookingTest" name="loadSearchPage" time="3.123"/>
  <testcase classname="com.automation.Test.BookingTest" name="verifyBooking" time="2.991"/>
</testsuite> <!-- BookFlightTest -->
