<?xml version="1.0" encoding="UTF-8"?>
<!-- Generated by org.testng.reporters.JUnitXMLReporter -->
<testsuite ignored="0" hostname="BLR1-LHP-N81084" failures="0" tests="3" name="BookFlightTest" time="11.464" errors="0" timestamp="2022-08-22T09:48:35 IST">
  <testcase classname="com.automation.Test.BookingTest" name="turnOffWifi" time="5.922"/>
  <testcase classname="com.automation.Test.BookingTest" name="loadSearchPage" time="1.492"/>
  <testcase classname="com.automation.Test.BookingTest" name="verifyBooking" time="1.387"/>
</testsuite> <!-- BookFlightTest -->
