<?xml version="1.0" encoding="UTF-8"?>
<!-- Generated by org.testng.reporters.JUnitXMLReporter -->
<testsuite ignored="0" hostname="BLR1-LHP-N81084" failures="0" tests="3" name="BookTest" time="6.281" errors="0" timestamp="2022-08-22T10:25:23 IST">
  <testcase classname="com.automation.Test.BookingTest" name="turnOffWifi" time="2.568"/>
  <testcase classname="com.automation.Test.BookingTest" name="loadSearchPage" time="1.236"/>
  <testcase classname="com.automation.Test.BookingTest" name="verifyBooking" time="1.25"/>
</testsuite> <!-- BookTest -->
