<?xml version="1.0" encoding="UTF-8"?>
<!-- Generated by org.testng.reporters.JUnitXMLReporter -->
<testsuite ignored="0" hostname="BLR1-LHP-N81084" failures="3" tests="7" name="login_pgdtemvhlf#1" time="13.225" errors="0" timestamp="2022-09-12T16:20:42 IST">
  <testcase classname="com.automation.Test.LoginTest" name="verifyLoginWithInValidData" time="1.338">
    <failure type="java.lang.AssertionError" message="Login Unsuccesful expected [false] but found [true]">
      <![CDATA[java.lang.AssertionError: Login Unsuccesful expected [false] but found [true]
at com.automation.Test.LoginTest.verifyLoginWithInValidData(LoginTest.java:33)
at java.base/java.util.ArrayList.forEach(ArrayList.java:1511)
at com.automation.TestRunner.RunnerConfig.runNG(RunnerConfig.java:28)
at com.automation.TestRunner.App$7$1.run(App.java:442)
... Removed 27 stack frames]]>
    </failure>
  </testcase> <!-- verifyLoginWithInValidData -->
  <testcase classname="com.automation.Test.LoginTest" name="verifyLoginWithInValidData" time="0.715">
    <failure type="java.lang.AssertionError" message="Login Unsuccesful expected [false] but found [true]">
      <![CDATA[java.lang.AssertionError: Login Unsuccesful expected [false] but found [true]
at com.automation.Test.LoginTest.verifyLoginWithInValidData(LoginTest.java:33)
at java.base/java.util.ArrayList.forEach(ArrayList.java:1511)
at com.automation.TestRunner.RunnerConfig.runNG(RunnerConfig.java:28)
at com.automation.TestRunner.App$7$1.run(App.java:442)
... Removed 27 stack frames]]>
    </failure>
  </testcase> <!-- verifyLoginWithInValidData -->
  <testcase classname="com.automation.Test.LoginTest" name="verifyLoginWithInValidData" time="0.73">
    <failure type="java.lang.AssertionError" message="Login Unsuccesful expected [false] but found [true]">
      <![CDATA[java.lang.AssertionError: Login Unsuccesful expected [false] but found [true]
at com.automation.Test.LoginTest.verifyLoginWithInValidData(LoginTest.java:33)
at java.base/java.util.ArrayList.forEach(ArrayList.java:1511)
at com.automation.TestRunner.RunnerConfig.runNG(RunnerConfig.java:28)
at com.automation.TestRunner.App$7$1.run(App.java:442)
... Removed 27 stack frames]]>
    </failure>
  </testcase> <!-- verifyLoginWithInValidData -->
  <testcase classname="com.automation.Test.LoginTest" name="verifyLoginWithValidData" time="2.61"/>
  <testcase classname="com.automation.Test.LoginTest" name="verifyLogout" time="0.318"/>
  <testcase classname="com.automation.Test.LoginTest" name="verifyResetPassword" time="0.448"/>
  <testcase classname="com.automation.Test.LoginTest" name="verifySignUpLink" time="0.34"/>
</testsuite> <!-- login_pgdtemvhlf#1 -->
