<?xml version="1.0" encoding="UTF-8"?>
<!-- Generated by org.testng.reporters.JUnitXMLReporter -->
<testsuite ignored="0" hostname="BLR1-LHP-N81084" failures="3" tests="7" name="login_uxmbbefogd#1" time="3.435" errors="0" timestamp="2022-09-13T21:03:26 IST">
  <testcase classname="com.automation.Test.LoginTest" name="verifyLoginWithInValidData" time="0.378">
    <failure type="java.lang.AssertionError" message="Login Unsuccesful expected [false] but found [true]">
      <![CDATA[java.lang.AssertionError: Login Unsuccesful expected [false] but found [true]
at com.automation.Test.LoginTest.verifyLoginWithInValidData(LoginTest.java:33)
at java.base/java.util.ArrayList.forEach(ArrayList.java:1511)
at com.automation.TestRunner.RunnerConfig.runNG(RunnerConfig.java:28)
at com.automation.TestRunner.App$8$1.run(App.java:559)
... Removed 27 stack frames]]>
    </failure>
  </testcase> <!-- verifyLoginWithInValidData -->
  <testcase classname="com.automation.Test.LoginTest" name="verifyLoginWithInValidData" time="0.233">
    <failure type="java.lang.AssertionError" message="Login Unsuccesful expected [false] but found [true]">
      <![CDATA[java.lang.AssertionError: Login Unsuccesful expected [false] but found [true]
at com.automation.Test.LoginTest.verifyLoginWithInValidData(LoginTest.java:33)
at java.base/java.util.ArrayList.forEach(ArrayList.java:1511)
at com.automation.TestRunner.RunnerConfig.runNG(RunnerConfig.java:28)
at com.automation.TestRunner.App$8$1.run(App.java:559)
... Removed 27 stack frames]]>
    </failure>
  </testcase> <!-- verifyLoginWithInValidData -->
  <testcase classname="com.automation.Test.LoginTest" name="verifyLoginWithInValidData" time="0.235">
    <failure type="java.lang.AssertionError" message="Login Unsuccesful expected [false] but found [true]">
      <![CDATA[java.lang.AssertionError: Login Unsuccesful expected [false] but found [true]
at com.automation.Test.LoginTest.verifyLoginWithInValidData(LoginTest.java:33)
at java.base/java.util.ArrayList.forEach(ArrayList.java:1511)
at com.automation.TestRunner.RunnerConfig.runNG(RunnerConfig.java:28)
at com.automation.TestRunner.App$8$1.run(App.java:559)
... Removed 27 stack frames]]>
    </failure>
  </testcase> <!-- verifyLoginWithInValidData -->
  <testcase classname="com.automation.Test.LoginTest" name="verifyLoginWithValidData" time="0.349"/>
  <testcase classname="com.automation.Test.LoginTest" name="verifyLogout" time="0.095"/>
  <testcase classname="com.automation.Test.LoginTest" name="verifyResetPassword" time="0.143"/>
  <testcase classname="com.automation.Test.LoginTest" name="verifySignUpLink" time="0.115"/>
</testsuite> <!-- login_uxmbbefogd#1 -->
