<?xml version="1.0" encoding="UTF-8"?>
<!-- Generated by org.testng.reporters.JUnitXMLReporter -->
<testsuite ignored="0" hostname="BLR1-LHP-N81084" failures="3" tests="7" name="login_unssmftxpt#1" time="5.999" errors="0" timestamp="2022-09-10T14:23:58 IST">
  <testcase classname="com.automation.Test.LoginTest" name="verifyLoginWithInValidData" time="1.049">
    <failure type="java.lang.AssertionError" message="Login Unsuccesful expected [false] but found [true]">
      <![CDATA[java.lang.AssertionError: Login Unsuccesful expected [false] but found [true]
at com.automation.Test.LoginTest.verifyLoginWithInValidData(LoginTest.java:33)
at java.base/java.util.ArrayList.forEach(ArrayList.java:1511)
at com.automation.TestRunner.RunnerConfig.runNG(RunnerConfig.java:28)
at com.automation.TestRunner.App$6$1.run(App.java:393)
... Removed 27 stack frames]]>
    </failure>
  </testcase> <!-- verifyLoginWithInValidData -->
  <testcase classname="com.automation.Test.LoginTest" name="verifyLoginWithInValidData" time="0.589">
    <failure type="java.lang.AssertionError" message="Login Unsuccesful expected [false] but found [true]">
      <![CDATA[java.lang.AssertionError: Login Unsuccesful expected [false] but found [true]
at com.automation.Test.LoginTest.verifyLoginWithInValidData(LoginTest.java:33)
at java.base/java.util.ArrayList.forEach(ArrayList.java:1511)
at com.automation.TestRunner.RunnerConfig.runNG(RunnerConfig.java:28)
at com.automation.TestRunner.App$6$1.run(App.java:393)
... Removed 27 stack frames]]>
    </failure>
  </testcase> <!-- verifyLoginWithInValidData -->
  <testcase classname="com.automation.Test.LoginTest" name="verifyLoginWithInValidData" time="0.607">
    <failure type="java.lang.AssertionError" message="Login Unsuccesful expected [false] but found [true]">
      <![CDATA[java.lang.AssertionError: Login Unsuccesful expected [false] but found [true]
at com.automation.Test.LoginTest.verifyLoginWithInValidData(LoginTest.java:33)
at java.base/java.util.ArrayList.forEach(ArrayList.java:1511)
at com.automation.TestRunner.RunnerConfig.runNG(RunnerConfig.java:28)
at com.automation.TestRunner.App$6$1.run(App.java:393)
... Removed 27 stack frames]]>
    </failure>
  </testcase> <!-- verifyLoginWithInValidData -->
  <testcase classname="com.automation.Test.LoginTest" name="verifyLoginWithValidData" time="0.787"/>
  <testcase classname="com.automation.Test.LoginTest" name="verifyLogout" time="0.201"/>
  <testcase classname="com.automation.Test.LoginTest" name="verifyResetPassword" time="0.294"/>
  <testcase classname="com.automation.Test.LoginTest" name="verifySignUpLink" time="0.243"/>
</testsuite> <!-- login_unssmftxpt#1 -->
