<?xml version="1.0" encoding="UTF-8"?>
<!-- Generated by org.testng.reporters.JUnitXMLReporter -->
<testsuite ignored="0" hostname="BLR1-LHP-N81084" failures="3" tests="7" name="login_zddibztlog#1" time="4.639" errors="0" timestamp="2022-09-09T11:08:21 IST">
  <testcase classname="com.automation.Test.LoginTest" name="verifyLoginWithInValidData" time="0.618">
    <failure type="java.lang.AssertionError" message="Login Unsuccesful expected [false] but found [true]">
      <![CDATA[java.lang.AssertionError: Login Unsuccesful expected [false] but found [true]
at com.automation.Test.LoginTest.verifyLoginWithInValidData(LoginTest.java:33)
at java.base/java.util.ArrayList.forEach(ArrayList.java:1511)
at com.automation.TestRunner.RunnerConfig.runNG(RunnerConfig.java:28)
at com.automation.TestRunner.App$6$1.run(App.java:284)
... Removed 27 stack frames]]>
    </failure>
  </testcase> <!-- verifyLoginWithInValidData -->
  <testcase classname="com.automation.Test.LoginTest" name="verifyLoginWithInValidData" time="0.308">
    <failure type="java.lang.AssertionError" message="Login Unsuccesful expected [false] but found [true]">
      <![CDATA[java.lang.AssertionError: Login Unsuccesful expected [false] but found [true]
at com.automation.Test.LoginTest.verifyLoginWithInValidData(LoginTest.java:33)
at java.base/java.util.ArrayList.forEach(ArrayList.java:1511)
at com.automation.TestRunner.RunnerConfig.runNG(RunnerConfig.java:28)
at com.automation.TestRunner.App$6$1.run(App.java:284)
... Removed 27 stack frames]]>
    </failure>
  </testcase> <!-- verifyLoginWithInValidData -->
  <testcase classname="com.automation.Test.LoginTest" name="verifyLoginWithInValidData" time="0.29">
    <failure type="java.lang.AssertionError" message="Login Unsuccesful expected [false] but found [true]">
      <![CDATA[java.lang.AssertionError: Login Unsuccesful expected [false] but found [true]
at com.automation.Test.LoginTest.verifyLoginWithInValidData(LoginTest.java:33)
at java.base/java.util.ArrayList.forEach(ArrayList.java:1511)
at com.automation.TestRunner.RunnerConfig.runNG(RunnerConfig.java:28)
at com.automation.TestRunner.App$6$1.run(App.java:284)
... Removed 27 stack frames]]>
    </failure>
  </testcase> <!-- verifyLoginWithInValidData -->
  <testcase classname="com.automation.Test.LoginTest" name="verifyLoginWithValidData" time="0.415"/>
  <testcase classname="com.automation.Test.LoginTest" name="verifyLogout" time="0.127"/>
  <testcase classname="com.automation.Test.LoginTest" name="verifyResetPassword" time="0.178"/>
  <testcase classname="com.automation.Test.LoginTest" name="verifySignUpLink" time="0.14"/>
</testsuite> <!-- login_zddibztlog#1 -->
