<?xml version="1.0" encoding="UTF-8"?>
<!-- Generated by org.testng.reporters.JUnitXMLReporter -->
<testsuite ignored="0" hostname="BLR1-LHP-N81084" failures="3" tests="7" name="login_ybrjhdpjzk#1" time="6.044" errors="0" timestamp="2022-09-13T21:03:19 IST">
  <testcase classname="com.automation.Test.LoginTest" name="verifyLoginWithInValidData" time="0.749">
    <failure type="java.lang.AssertionError" message="Login Unsuccesful expected [false] but found [true]">
      <![CDATA[java.lang.AssertionError: Login Unsuccesful expected [false] but found [true]
at com.automation.Test.LoginTest.verifyLoginWithInValidData(LoginTest.java:33)
at java.base/java.util.ArrayList.forEach(ArrayList.java:1511)
at com.automation.TestRunner.RunnerConfig.runNG(RunnerConfig.java:28)
at com.automation.TestRunner.App$8$1.run(App.java:559)
... Removed 27 stack frames]]>
    </failure>
  </testcase> <!-- verifyLoginWithInValidData -->
  <testcase classname="com.automation.Test.LoginTest" name="verifyLoginWithInValidData" time="0.411">
    <failure type="java.lang.AssertionError" message="Login Unsuccesful expected [false] but found [true]">
      <![CDATA[java.lang.AssertionError: Login Unsuccesful expected [false] but found [true]
at com.automation.Test.LoginTest.verifyLoginWithInValidData(LoginTest.java:33)
at java.base/java.util.ArrayList.forEach(ArrayList.java:1511)
at com.automation.TestRunner.RunnerConfig.runNG(RunnerConfig.java:28)
at com.automation.TestRunner.App$8$1.run(App.java:559)
... Removed 27 stack frames]]>
    </failure>
  </testcase> <!-- verifyLoginWithInValidData -->
  <testcase classname="com.automation.Test.LoginTest" name="verifyLoginWithInValidData" time="0.461">
    <failure type="java.lang.AssertionError" message="Login Unsuccesful expected [false] but found [true]">
      <![CDATA[java.lang.AssertionError: Login Unsuccesful expected [false] but found [true]
at com.automation.Test.LoginTest.verifyLoginWithInValidData(LoginTest.java:33)
at java.base/java.util.ArrayList.forEach(ArrayList.java:1511)
at com.automation.TestRunner.RunnerConfig.runNG(RunnerConfig.java:28)
at com.automation.TestRunner.App$8$1.run(App.java:559)
... Removed 27 stack frames]]>
    </failure>
  </testcase> <!-- verifyLoginWithInValidData -->
  <testcase classname="com.automation.Test.LoginTest" name="verifyLoginWithValidData" time="0.363"/>
  <testcase classname="com.automation.Test.LoginTest" name="verifyLogout" time="0.124"/>
  <testcase classname="com.automation.Test.LoginTest" name="verifyResetPassword" time="0.383"/>
  <testcase classname="com.automation.Test.LoginTest" name="verifySignUpLink" time="0.35"/>
</testsuite> <!-- login_ybrjhdpjzk#1 -->
