<?xml version="1.0" encoding="UTF-8"?>
<!-- Generated by org.testng.reporters.JUnitXMLReporter -->
<testsuite ignored="0" hostname="BLR1-LHP-N81084" failures="0" tests="2" name="register_sllkcavkvb#1" time="5.648" errors="0" timestamp="2022-09-10T14:20:46 IST">
  <testcase classname="com.automation.Test.RegisterTest" name="sampleTestforParameter" time="0.0"/>
  <testcase classname="com.automation.Test.RegisterTest" name="registerWithValidData" time="3.048"/>
</testsuite> <!-- register_sllkcavkvb#1 -->
