<?xml version="1.0" encoding="UTF-8"?>
<!-- Generated by org.testng.reporters.JUnitXMLReporter -->
<testsuite ignored="0" hostname="BLR1-LHP-N81084" failures="0" tests="2" name="register_wsmfgepskl#1" time="4.402" errors="0" timestamp="2022-09-10T21:58:37 IST">
  <testcase classname="com.automation.Test.RegisterTest" name="sampleTestforParameter" time="0.0"/>
  <testcase classname="com.automation.Test.RegisterTest" name="registerWithValidData" time="2.461"/>
</testsuite> <!-- register_wsmfgepskl#1 -->
