<?xml version="1.0" encoding="UTF-8"?>
<!-- Generated by org.testng.reporters.JUnitXMLReporter -->
<testsuite ignored="0" hostname="BLR1-LHP-N81084" failures="0" tests="2" name="register_hpozelgabh#2" time="5.185" errors="0" timestamp="2022-09-09T08:46:15 IST">
  <testcase classname="com.automation.Test.RegisterTest" name="sampleTestforParameter" time="0.001"/>
  <testcase classname="com.automation.Test.RegisterTest" name="registerWithValidData" time="2.921"/>
</testsuite> <!-- register_hpozelgabh#2 -->
