<?xml version="1.0" encoding="UTF-8"?>
<!-- Generated by org.testng.reporters.JUnitXMLReporter -->
<testsuite ignored="0" hostname="BLR1-LHP-N81084" failures="0" tests="2" name="register_cutdxdopzw#2" time="5.732" errors="0" timestamp="2022-09-09T23:02:18 IST">
  <testcase classname="com.automation.Test.RegisterTest" name="sampleTestforParameter" time="0.0"/>
  <testcase classname="com.automation.Test.RegisterTest" name="registerWithValidData" time="3.125"/>
</testsuite> <!-- register_cutdxdopzw#2 -->
