<?xml version="1.0" encoding="UTF-8"?>
<!-- Generated by org.testng.reporters.JUnitXMLReporter -->
<testsuite ignored="0" hostname="BLR1-LHP-N81084" failures="0" tests="2" name="register_cutdxdopzw#1" time="11.529" errors="0" timestamp="2022-09-09T23:02:12 IST">
  <testcase classname="com.automation.Test.RegisterTest" name="sampleTestforParameter" time="0.001"/>
  <testcase classname="com.automation.Test.RegisterTest" name="registerWithValidData" time="5.279"/>
</testsuite> <!-- register_cutdxdopzw#1 -->
