<?xml version="1.0" encoding="UTF-8"?>
<!-- Generated by org.testng.reporters.JUnitXMLReporter -->
<testsuite ignored="0" hostname="BLR1-LHP-N81084" failures="0" tests="2" name="register_ytzpnneacr#1" time="8.866" errors="0" timestamp="2022-09-13T20:18:26 IST">
  <testcase classname="com.automation.Test.RegisterTest" name="sampleTestforParameter" time="0.003"/>
  <testcase classname="com.automation.Test.RegisterTest" name="registerWithValidData" time="2.544"/>
</testsuite> <!-- register_ytzpnneacr#1 -->
