<?xml version="1.0" encoding="UTF-8"?>
<!-- Generated by org.testng.reporters.JUnitXMLReporter -->
<testsuite ignored="0" hostname="BLR1-LHP-N81084" failures="0" tests="2" name="register_vvtvbantua#1" time="14.655" errors="0" timestamp="2022-09-10T23:44:28 IST">
  <testcase classname="com.automation.Test.RegisterTest" name="sampleTestforParameter" time="0.002"/>
  <testcase classname="com.automation.Test.RegisterTest" name="registerWithValidData" time="6.852"/>
</testsuite> <!-- register_vvtvbantua#1 -->
