<?xml version="1.0" encoding="UTF-8"?>
<!-- Generated by org.testng.reporters.JUnitXMLReporter -->
<testsuite ignored="0" hostname="BLR1-LHP-N81084" failures="0" tests="2" name="register_mxkdcsenjz#1" time="7.607" errors="0" timestamp="2022-09-12T11:02:39 IST">
  <testcase classname="com.automation.Test.RegisterTest" name="sampleTestforParameter" time="0.004"/>
  <testcase classname="com.automation.Test.RegisterTest" name="registerWithValidData" time="2.766"/>
</testsuite> <!-- register_mxkdcsenjz#1 -->
