<?xml version="1.0" encoding="UTF-8"?>
<!-- Generated by org.testng.reporters.JUnitXMLReporter -->
<testsuite ignored="0" hostname="BLR1-LHP-N81084" failures="0" tests="2" name="register_vpxvqirixw#1" time="11.821" errors="0" timestamp="2022-09-12T15:44:48 IST">
  <testcase classname="com.automation.Test.RegisterTest" name="sampleTestforParameter" time="0.007"/>
  <testcase classname="com.automation.Test.RegisterTest" name="registerWithValidData" time="5.283"/>
</testsuite> <!-- register_vpxvqirixw#1 -->
