<?xml version="1.0" encoding="UTF-8"?>
<!-- Generated by org.testng.reporters.JUnitXMLReporter -->
<testsuite ignored="0" hostname="BLR1-LHP-N81084" failures="0" tests="2" name="register_rqwpjldppo#1" time="10.796" errors="0" timestamp="2022-09-12T21:53:23 IST">
  <testcase classname="com.automation.Test.RegisterTest" name="sampleTestforParameter" time="0.008"/>
  <testcase classname="com.automation.Test.RegisterTest" name="registerWithValidData" time="5.647"/>
</testsuite> <!-- register_rqwpjldppo#1 -->
