<?xml version="1.0" encoding="UTF-8"?>
<!-- Generated by org.testng.reporters.JUnitXMLReporter -->
<testsuite ignored="0" hostname="BLR1-LHP-N81084" failures="0" tests="4" name="searchFlightTest" time="11.315" errors="0" timestamp="2022-08-21T12:14:41 IST">
  <testcase classname="com.automation.Test.SearchFlightTest" name="BasicSearch" time="1.896"/>
  <testcase classname="com.automation.Test.SearchFlightTest" name="ParameterizedSearch" time="1.794"/>
  <testcase classname="com.automation.Test.SearchFlightTest" name="RoundTripSearch" time="2.774"/>
  <testcase classname="com.automation.Test.SearchFlightTest" name="MultiCitySearch" time="2.278"/>
</testsuite> <!-- searchFlightTest -->
