<?xml version="1.0" encoding="UTF-8"?>
<!-- Generated by org.testng.reporters.JUnitXMLReporter -->
<testsuite ignored="0" hostname="BLR1-LHP-N81084" failures="0" tests="4" name="search_nyqsqqcjwf#1" time="12.169" errors="0" timestamp="2022-09-08T23:29:47 IST">
  <testcase classname="com.automation.Test.SearchFlightTest" name="BasicSearch" time="2.018"/>
  <testcase classname="com.automation.Test.SearchFlightTest" name="ParameterizedSearch" time="1.716"/>
  <testcase classname="com.automation.Test.SearchFlightTest" name="RoundTripSearch" time="2.363"/>
  <testcase classname="com.automation.Test.SearchFlightTest" name="MultiCitySearch" time="2.182"/>
</testsuite> <!-- search_nyqsqqcjwf#1 -->
