<?xml version="1.0" encoding="UTF-8"?>
<!-- Generated by org.testng.reporters.JUnitXMLReporter -->
<testsuite ignored="0" hostname="BLR1-LHP-N81084" failures="0" tests="4" name="search#1" time="14.532" errors="0" timestamp="2022-09-12T22:01:13 IST">
  <testcase classname="com.automation.Test.SearchFlightTest" name="BasicSearch" time="1.838"/>
  <testcase classname="com.automation.Test.SearchFlightTest" name="ParameterizedSearch" time="1.835"/>
  <testcase classname="com.automation.Test.SearchFlightTest" name="RoundTripSearch" time="2.493"/>
  <testcase classname="com.automation.Test.SearchFlightTest" name="MultiCitySearch" time="2.341"/>
</testsuite> <!-- search#1 -->
