<?xml version="1.0" encoding="UTF-8"?>
<!-- Generated by org.testng.reporters.JUnitXMLReporter -->
<testsuite ignored="0" hostname="BLR1-LHP-N81084" failures="0" tests="4" name="search_ulenkwiocs#1" time="20.942" errors="0" timestamp="2022-09-11T17:16:53 IST">
  <testcase classname="com.automation.Test.SearchFlightTest" name="BasicSearch" time="1.74"/>
  <testcase classname="com.automation.Test.SearchFlightTest" name="ParameterizedSearch" time="0.99"/>
  <testcase classname="com.automation.Test.SearchFlightTest" name="RoundTripSearch" time="1.545"/>
  <testcase classname="com.automation.Test.SearchFlightTest" name="MultiCitySearch" time="1.273"/>
</testsuite> <!-- search_ulenkwiocs#1 -->
