<?xml version="1.0" encoding="UTF-8"?>
<!-- Generated by org.testng.reporters.JUnitXMLReporter -->
<testsuite ignored="0" hostname="BLR1-LHP-N81084" failures="0" tests="4" name="search_jzzrykmccu#1" time="9.478" errors="0" timestamp="2022-09-12T11:08:19 IST">
  <testcase classname="com.automation.Test.SearchFlightTest" name="BasicSearch" time="2.403"/>
  <testcase classname="com.automation.Test.SearchFlightTest" name="ParameterizedSearch" time="0.963"/>
  <testcase classname="com.automation.Test.SearchFlightTest" name="RoundTripSearch" time="1.534"/>
  <testcase classname="com.automation.Test.SearchFlightTest" name="MultiCitySearch" time="1.285"/>
</testsuite> <!-- search_jzzrykmccu#1 -->
