<?xml version="1.0" encoding="UTF-8"?>
<!-- Generated by org.testng.reporters.JUnitXMLReporter -->
<testsuite ignored="0" hostname="BLR1-LHP-N81084" failures="0" tests="5" name="searching_9809d028-8ca8-4955-8c87-a26823de4622" time="13.134" errors="0" timestamp="2022-09-06T14:22:28 IST">
  <testcase classname="com.automation.Test.SearchFlightTest" name="BasicSearch" time="1.808"/>
  <testcase classname="com.automation.Test.SearchFlightTest" name="BasicSearch" time="0.118"/>
  <testcase classname="com.automation.Test.SearchFlightTest" name="ParameterizedSearch" time="1.82"/>
  <testcase classname="com.automation.Test.SearchFlightTest" name="RoundTripSearch" time="2.463"/>
  <testcase classname="com.automation.Test.SearchFlightTest" name="MultiCitySearch" time="2.301"/>
</testsuite> <!-- searching_9809d028-8ca8-4955-8c87-a26823de4622 -->
