<?xml version="1.0" encoding="UTF-8"?>
<!-- Generated by org.testng.reporters.JUnitXMLReporter -->
<testsuite ignored="0" hostname="BLR1-LHP-N81084" failures="0" tests="3" name="search_bjrfqtnxyo#1" time="15.991" errors="0" timestamp="2022-09-10T14:23:08 IST">
  <testcase classname="com.automation.Test.SearchFlightTest" name="BasicSearch" time="2.419"/>
  <testcase classname="com.automation.Test.SearchFlightTest" name="ParameterizedSearch" time="2.972"/>
  <testcase classname="com.automation.Test.SearchFlightTest" name="RoundTripSearch" time="3.913"/>
</testsuite> <!-- search_bjrfqtnxyo#1 -->
