<?xml version="1.0" encoding="UTF-8"?>
<!-- Generated by org.testng.reporters.JUnitXMLReporter -->
<testsuite ignored="0" hostname="BLR1-LHP-N81084" failures="0" tests="4" name="search_kfpbmhshbt#2" time="19.912" errors="0" timestamp="2022-09-10T21:38:23 IST">
  <testcase classname="com.automation.Test.SearchFlightTest" name="BasicSearch" time="2.124"/>
  <testcase classname="com.automation.Test.SearchFlightTest" name="ParameterizedSearch" time="2.948"/>
  <testcase classname="com.automation.Test.SearchFlightTest" name="RoundTripSearch" time="4.026"/>
  <testcase classname="com.automation.Test.SearchFlightTest" name="MultiCitySearch" time="3.867"/>
</testsuite> <!-- search_kfpbmhshbt#2 -->
