<?xml version="1.0" encoding="UTF-8"?>
<!-- Generated by org.testng.reporters.JUnitXMLReporter -->
<testsuite ignored="0" hostname="BLR1-LHP-N81084" failures="0" tests="4" name="search_ltzktudedi#1" time="13.63" errors="0" timestamp="2022-09-10T21:59:51 IST">
  <testcase classname="com.automation.Test.SearchFlightTest" name="BasicSearch" time="1.914"/>
  <testcase classname="com.automation.Test.SearchFlightTest" name="ParameterizedSearch" time="1.775"/>
  <testcase classname="com.automation.Test.SearchFlightTest" name="RoundTripSearch" time="2.474"/>
  <testcase classname="com.automation.Test.SearchFlightTest" name="MultiCitySearch" time="2.322"/>
</testsuite> <!-- search_ltzktudedi#1 -->
