<?xml version="1.0" encoding="UTF-8"?>
<!-- Generated by org.testng.reporters.JUnitXMLReporter -->
<testsuite ignored="0" hostname="BLR1-LHP-N81084" failures="0" tests="3" name="search_tbwdmavldj#1" time="17.672" errors="0" timestamp="2022-09-10T20:25:21 IST">
  <testcase classname="com.automation.Test.SearchFlightTest" name="BasicSearch" time="2.22"/>
  <testcase classname="com.automation.Test.SearchFlightTest" name="ParameterizedSearch" time="3.025"/>
  <testcase classname="com.automation.Test.SearchFlightTest" name="RoundTripSearch" time="3.895"/>
</testsuite> <!-- search_tbwdmavldj#1 -->
