<?xml version="1.0" encoding="UTF-8"?>
<!-- Generated by org.testng.reporters.JUnitXMLReporter -->
<testsuite ignored="0" hostname="BLR1-LHP-N81084" failures="0" tests="4" name="search_wjazwodjwn#1" time="6.578" errors="0" timestamp="2022-09-09T11:08:27 IST">
  <testcase classname="com.automation.Test.SearchFlightTest" name="BasicSearch" time="1.749"/>
  <testcase classname="com.automation.Test.SearchFlightTest" name="ParameterizedSearch" time="0.818"/>
  <testcase classname="com.automation.Test.SearchFlightTest" name="RoundTripSearch" time="1.387"/>
  <testcase classname="com.automation.Test.SearchFlightTest" name="MultiCitySearch" time="1.25"/>
</testsuite> <!-- search_wjazwodjwn#1 -->
