<?xml version="1.0" encoding="UTF-8"?>
<!-- Generated by org.testng.reporters.JUnitXMLReporter -->
<testsuite ignored="0" hostname="BLR1-LHP-N81084" failures="0" tests="4" name="search_ghinwuikpr#1" time="6.125" errors="0" timestamp="2022-09-12T11:11:42 IST">
  <testcase classname="com.automation.Test.SearchFlightTest" name="BasicSearch" time="0.982"/>
  <testcase classname="com.automation.Test.SearchFlightTest" name="ParameterizedSearch" time="0.932"/>
  <testcase classname="com.automation.Test.SearchFlightTest" name="RoundTripSearch" time="1.294"/>
  <testcase classname="com.automation.Test.SearchFlightTest" name="MultiCitySearch" time="1.23"/>
</testsuite> <!-- search_ghinwuikpr#1 -->
