<?xml version="1.0" encoding="UTF-8"?>
<!-- Generated by org.testng.reporters.JUnitXMLReporter -->
<testsuite ignored="0" hostname="BLR1-LHP-N81084" failures="0" tests="4" name="search_dddyebiauu#1" time="21.678" errors="0" timestamp="2022-09-12T15:39:38 IST">
  <testcase classname="com.automation.Test.SearchFlightTest" name="BasicSearch" time="2.359"/>
  <testcase classname="com.automation.Test.SearchFlightTest" name="ParameterizedSearch" time="3.065"/>
  <testcase classname="com.automation.Test.SearchFlightTest" name="RoundTripSearch" time="4.14"/>
  <testcase classname="com.automation.Test.SearchFlightTest" name="MultiCitySearch" time="3.994"/>
</testsuite> <!-- search_dddyebiauu#1 -->
