<?xml version="1.0" encoding="UTF-8"?>
<!-- Generated by org.testng.reporters.JUnitXMLReporter -->
<testsuite ignored="0" hostname="BLR1-LHP-N81084" failures="0" tests="3" name="search_xxgoydjotn#1" time="17.27" errors="0" timestamp="2022-09-10T14:21:04 IST">
  <testcase classname="com.automation.Test.SearchFlightTest" name="BasicSearch" time="3.944"/>
  <testcase classname="com.automation.Test.SearchFlightTest" name="ParameterizedSearch" time="2.939"/>
  <testcase classname="com.automation.Test.SearchFlightTest" name="RoundTripSearch" time="3.983"/>
</testsuite> <!-- search_xxgoydjotn#1 -->
