<?xml version="1.0" encoding="UTF-8"?>
<!-- Generated by org.testng.reporters.JUnitXMLReporter -->
<testsuite ignored="0" hostname="BLR1-LHP-N81084" failures="2" tests="4" name="search_vxdwaqdryv#1" time="10.726" errors="0" timestamp="2022-09-12T15:40:33 IST">
  <testcase classname="com.automation.Test.SearchFlightTest" name="BasicSearch" time="1.813"/>
  <testcase classname="com.automation.Test.SearchFlightTest" name="ParameterizedSearch" time="1.705"/>
  <testcase classname="com.automation.Test.SearchFlightTest" name="RoundTripSearch" time="1.138">
    <failure type="org.openqa.selenium.ElementClickInterceptedException" message="element click intercepted: Element &amp;lt;div class=&amp;quot;triptype d-flex d-sm-flex d-md-inline-flex d-xl-inline-flex d-lg-inline-flex text-center flex-fill px-3 py-1 ml-xl-2 ml-lg-2 ml-md-2 mt-lg-0 mt-md-0 mt-xl-0 ml-sm-0 mt-1 ml-0 mt-sm-1 text-uppercase&amp;quot; ng-class=&amp;quot;{&amp;apos;active&amp;apos;:travel.tripType==2}&amp;quot; tabindex=&amp;quot;0&amp;quot; ng-click=&amp;quot;travel.tripType=2;&amp;quot;&amp;gt;...&amp;lt;/div&amp;gt; is not clickable at point (381, 52). Other element would receive the click: &amp;lt;div class=&amp;quot;simply_ts-logo w-100&amp;quot;&amp;gt;&amp;lt;/div&amp;gt;
  (Session info: MicrosoftEdge=105.0.1343.33)
Build info: version: &amp;apos;4.3.0&amp;apos;, revision: &amp;apos;a4995e2c09*&amp;apos;
System info: host: &amp;apos;BLR1-LHP-N81084&amp;apos;, ip: &amp;apos;192.168.0.106&amp;apos;, os.name: &amp;apos;Windows 10&amp;apos;, os.arch: &amp;apos;amd64&amp;apos;, os.version: &amp;apos;10.0&amp;apos;, java.version: &amp;apos;17.0.3&amp;apos;
Driver info: org.openqa.selenium.edge.EdgeDriver
Command: [86f228df1b8ef7c667942f7b7cf027f0, clickElement {id=94dd3a31-6621-4ce2-9497-587fb571294a}]
Capabilities {acceptInsecureCerts: false, browserName: msedge, browserVersion: 105.0.1343.33, ms:edgeOptions: {debuggerAddress: localhost:61692}, msedge: {msedgedriverVersion: 105.0.1343.34 (9255e987dac3..., userDataDir: C:\Users\MAINAK~1.MON\AppDa...}, networkConnectionEnabled: false, pageLoadStrategy: normal, platformName: WINDOWS, proxy: Proxy(), se:cdp: ws://localhost:61692/devtoo..., se:cdpVersion: 105.0.1343.33, setWindowRect: true, strictFileInteractability: false, timeouts: {implicit: 0, pageLoad: 300000, script: 30000}, unhandledPromptBehavior: dismiss and notify, webauthn:extension:credBlob: true, webauthn:extension:largeBlob: true, webauthn:virtualAuthenticators: true}
Element: [[EdgeDriver: msedge on WINDOWS (86f228df1b8ef7c667942f7b7cf027f0)] -&amp;gt; xpath: //div[text()=&amp;apos;Round trip Flying&amp;apos;]]
Session ID: 86f228df1b8ef7c667942f7b7cf027f0">
      <![CDATA[org.openqa.selenium.ElementClickInterceptedException: element click intercepted: Element <div class="triptype d-flex d-sm-flex d-md-inline-flex d-xl-inline-flex d-lg-inline-flex text-center flex-fill px-3 py-1 ml-xl-2 ml-lg-2 ml-md-2 mt-lg-0 mt-md-0 mt-xl-0 ml-sm-0 mt-1 ml-0 mt-sm-1 text-uppercase" ng-class="{'active':travel.tripType==2}" tabindex="0" ng-click="travel.tripType=2;">...</div> is not clickable at point (381, 52). Other element would receive the click: <div class="simply_ts-logo w-100"></div>
  (Session info: MicrosoftEdge=105.0.1343.33)
Build info: version: '4.3.0', revision: 'a4995e2c09*'
System info: host: 'BLR1-LHP-N81084', ip: '192.168.0.106', os.name: 'Windows 10', os.arch: 'amd64', os.version: '10.0', java.version: '17.0.3'
Driver info: org.openqa.selenium.edge.EdgeDriver
Command: [86f228df1b8ef7c667942f7b7cf027f0, clickElement {id=94dd3a31-6621-4ce2-9497-587fb571294a}]
Capabilities {acceptInsecureCerts: false, browserName: msedge, browserVersion: 105.0.1343.33, ms:edgeOptions: {debuggerAddress: localhost:61692}, msedge: {msedgedriverVersion: 105.0.1343.34 (9255e987dac3..., userDataDir: C:\Users\MAINAK~1.MON\AppDa...}, networkConnectionEnabled: false, pageLoadStrategy: normal, platformName: WINDOWS, proxy: Proxy(), se:cdp: ws://localhost:61692/devtoo..., se:cdpVersion: 105.0.1343.33, setWindowRect: true, strictFileInteractability: false, timeouts: {implicit: 0, pageLoad: 300000, script: 30000}, unhandledPromptBehavior: dismiss and notify, webauthn:extension:credBlob: true, webauthn:extension:largeBlob: true, webauthn:virtualAuthenticators: true}
Element: [[EdgeDriver: msedge on WINDOWS (86f228df1b8ef7c667942f7b7cf027f0)] -> xpath: //div[text()='Round trip Flying']]
Session ID: 86f228df1b8ef7c667942f7b7cf027f0
at org.openqa.selenium.remote.codec.w3c.W3CHttpResponseCodec.createException(W3CHttpResponseCodec.java:200)
at org.openqa.selenium.remote.codec.w3c.W3CHttpResponseCodec.decode(W3CHttpResponseCodec.java:133)
at org.openqa.selenium.remote.codec.w3c.W3CHttpResponseCodec.decode(W3CHttpResponseCodec.java:53)
at org.openqa.selenium.remote.HttpCommandExecutor.execute(HttpCommandExecutor.java:184)
at org.openqa.selenium.remote.service.DriverCommandExecutor.invokeExecute(DriverCommandExecutor.java:167)
at org.openqa.selenium.remote.service.DriverCommandExecutor.execute(DriverCommandExecutor.java:142)
at org.openqa.selenium.remote.RemoteWebDriver.execute(RemoteWebDriver.java:569)
at org.openqa.selenium.remote.RemoteWebElement.execute(RemoteWebElement.java:257)
at org.openqa.selenium.remote.RemoteWebElement.click(RemoteWebElement.java:78)
at org.openqa.selenium.support.pagefactory.internal.LocatingElementHandler.invoke(LocatingElementHandler.java:52)
at jdk.proxy2/jdk.proxy2.$Proxy18.click(Unknown Source)
at com.automation.Pages.SearchFlightPage.setFlightType(SearchFlightPage.java:82)
at com.automation.Test.SearchFlightTest.RoundTripSearch(SearchFlightTest.java:44)
at java.base/java.util.ArrayList.forEach(ArrayList.java:1511)
at com.automation.TestRunner.RunnerConfig.runNG(RunnerConfig.java:28)
at com.automation.TestRunner.App$7$1.run(App.java:438)
... Removed 32 stack frames]]>
    </failure>
  </testcase> <!-- RoundTripSearch -->
  <testcase classname="com.automation.Test.SearchFlightTest" name="MultiCitySearch" time="1.127">
    <failure type="org.openqa.selenium.ElementClickInterceptedException" message="element click intercepted: Element &amp;lt;div class=&amp;quot;triptype d-flex d-sm-flex d-md-inline-flex d-xl-inline-flex d-lg-inline-flex text-center flex-fill px-3 py-1 ml-xl-2 ml-lg-2 ml-md-2 mt-lg-0 mt-md-0 mt-xl-0 ml-sm-0 mt-1 ml-0 mt-sm-1 text-uppercase&amp;quot; ng-class=&amp;quot;{&amp;apos;active&amp;apos;:travel.tripType==3}&amp;quot; tabindex=&amp;quot;0&amp;quot; ng-click=&amp;quot;travel.tripType=3;&amp;quot;&amp;gt;...&amp;lt;/div&amp;gt; is not clickable at point (516, 52). Other element would receive the click: &amp;lt;div class=&amp;quot;simply_ts-logo w-100&amp;quot;&amp;gt;&amp;lt;/div&amp;gt;
  (Session info: MicrosoftEdge=105.0.1343.33)
Build info: version: &amp;apos;4.3.0&amp;apos;, revision: &amp;apos;a4995e2c09*&amp;apos;
System info: host: &amp;apos;BLR1-LHP-N81084&amp;apos;, ip: &amp;apos;192.168.0.106&amp;apos;, os.name: &amp;apos;Windows 10&amp;apos;, os.arch: &amp;apos;amd64&amp;apos;, os.version: &amp;apos;10.0&amp;apos;, java.version: &amp;apos;17.0.3&amp;apos;
Driver info: org.openqa.selenium.edge.EdgeDriver
Command: [86f228df1b8ef7c667942f7b7cf027f0, clickElement {id=ee96bc06-8f51-400f-a86e-68311027b02b}]
Capabilities {acceptInsecureCerts: false, browserName: msedge, browserVersion: 105.0.1343.33, ms:edgeOptions: {debuggerAddress: localhost:61692}, msedge: {msedgedriverVersion: 105.0.1343.34 (9255e987dac3..., userDataDir: C:\Users\MAINAK~1.MON\AppDa...}, networkConnectionEnabled: false, pageLoadStrategy: normal, platformName: WINDOWS, proxy: Proxy(), se:cdp: ws://localhost:61692/devtoo..., se:cdpVersion: 105.0.1343.33, setWindowRect: true, strictFileInteractability: false, timeouts: {implicit: 0, pageLoad: 300000, script: 30000}, unhandledPromptBehavior: dismiss and notify, webauthn:extension:credBlob: true, webauthn:extension:largeBlob: true, webauthn:virtualAuthenticators: true}
Element: [[EdgeDriver: msedge on WINDOWS (86f228df1b8ef7c667942f7b7cf027f0)] -&amp;gt; xpath: //div[text()=&amp;apos;Multi city&amp;apos;]]
Session ID: 86f228df1b8ef7c667942f7b7cf027f0">
      <![CDATA[org.openqa.selenium.ElementClickInterceptedException: element click intercepted: Element <div class="triptype d-flex d-sm-flex d-md-inline-flex d-xl-inline-flex d-lg-inline-flex text-center flex-fill px-3 py-1 ml-xl-2 ml-lg-2 ml-md-2 mt-lg-0 mt-md-0 mt-xl-0 ml-sm-0 mt-1 ml-0 mt-sm-1 text-uppercase" ng-class="{'active':travel.tripType==3}" tabindex="0" ng-click="travel.tripType=3;">...</div> is not clickable at point (516, 52). Other element would receive the click: <div class="simply_ts-logo w-100"></div>
  (Session info: MicrosoftEdge=105.0.1343.33)
Build info: version: '4.3.0', revision: 'a4995e2c09*'
System info: host: 'BLR1-LHP-N81084', ip: '192.168.0.106', os.name: 'Windows 10', os.arch: 'amd64', os.version: '10.0', java.version: '17.0.3'
Driver info: org.openqa.selenium.edge.EdgeDriver
Command: [86f228df1b8ef7c667942f7b7cf027f0, clickElement {id=ee96bc06-8f51-400f-a86e-68311027b02b}]
Capabilities {acceptInsecureCerts: false, browserName: msedge, browserVersion: 105.0.1343.33, ms:edgeOptions: {debuggerAddress: localhost:61692}, msedge: {msedgedriverVersion: 105.0.1343.34 (9255e987dac3..., userDataDir: C:\Users\MAINAK~1.MON\AppDa...}, networkConnectionEnabled: false, pageLoadStrategy: normal, platformName: WINDOWS, proxy: Proxy(), se:cdp: ws://localhost:61692/devtoo..., se:cdpVersion: 105.0.1343.33, setWindowRect: true, strictFileInteractability: false, timeouts: {implicit: 0, pageLoad: 300000, script: 30000}, unhandledPromptBehavior: dismiss and notify, webauthn:extension:credBlob: true, webauthn:extension:largeBlob: true, webauthn:virtualAuthenticators: true}
Element: [[EdgeDriver: msedge on WINDOWS (86f228df1b8ef7c667942f7b7cf027f0)] -> xpath: //div[text()='Multi city']]
Session ID: 86f228df1b8ef7c667942f7b7cf027f0
at org.openqa.selenium.remote.codec.w3c.W3CHttpResponseCodec.createException(W3CHttpResponseCodec.java:200)
at org.openqa.selenium.remote.codec.w3c.W3CHttpResponseCodec.decode(W3CHttpResponseCodec.java:133)
at org.openqa.selenium.remote.codec.w3c.W3CHttpResponseCodec.decode(W3CHttpResponseCodec.java:53)
at org.openqa.selenium.remote.HttpCommandExecutor.execute(HttpCommandExecutor.java:184)
at org.openqa.selenium.remote.service.DriverCommandExecutor.invokeExecute(DriverCommandExecutor.java:167)
at org.openqa.selenium.remote.service.DriverCommandExecutor.execute(DriverCommandExecutor.java:142)
at org.openqa.selenium.remote.RemoteWebDriver.execute(RemoteWebDriver.java:569)
at org.openqa.selenium.remote.RemoteWebElement.execute(RemoteWebElement.java:257)
at org.openqa.selenium.remote.RemoteWebElement.click(RemoteWebElement.java:78)
at org.openqa.selenium.support.pagefactory.internal.LocatingElementHandler.invoke(LocatingElementHandler.java:52)
at jdk.proxy2/jdk.proxy2.$Proxy18.click(Unknown Source)
at com.automation.Pages.SearchFlightPage.setFlightType(SearchFlightPage.java:84)
at com.automation.Test.SearchFlightTest.MultiCitySearch(SearchFlightTest.java:60)
at java.base/java.util.ArrayList.forEach(ArrayList.java:1511)
at com.automation.TestRunner.RunnerConfig.runNG(RunnerConfig.java:28)
at com.automation.TestRunner.App$7$1.run(App.java:438)
... Removed 32 stack frames]]>
    </failure>
  </testcase> <!-- MultiCitySearch -->
</testsuite> <!-- search_vxdwaqdryv#1 -->
