<?xml version="1.0" encoding="UTF-8"?>
<!-- Generated by org.testng.reporters.JUnitXMLReporter -->
<testsuite ignored="0" hostname="BLR1-LHP-N81084" failures="0" tests="4" name="search_qcamartbof#1" time="7.719" errors="0" timestamp="2022-09-12T11:11:36 IST">
  <testcase classname="com.automation.Test.SearchFlightTest" name="BasicSearch" time="1.298"/>
  <testcase classname="com.automation.Test.SearchFlightTest" name="ParameterizedSearch" time="0.984"/>
  <testcase classname="com.automation.Test.SearchFlightTest" name="RoundTripSearch" time="1.634"/>
  <testcase classname="com.automation.Test.SearchFlightTest" name="MultiCitySearch" time="1.324"/>
</testsuite> <!-- search_qcamartbof#1 -->
