<?xml version="1.0" encoding="UTF-8"?>
<!-- Generated by org.testng.reporters.JUnitXMLReporter -->
<testsuite ignored="0" hostname="BLR1-LHP-N81084" failures="0" tests="4" name="search_amhfvkhmix#1" time="10.813" errors="0" timestamp="2022-09-09T22:18:38 IST">
  <testcase classname="com.automation.Test.SearchFlightTest" name="BasicSearch" time="1.664"/>
  <testcase classname="com.automation.Test.SearchFlightTest" name="ParameterizedSearch" time="1.641"/>
  <testcase classname="com.automation.Test.SearchFlightTest" name="RoundTripSearch" time="2.259"/>
  <testcase classname="com.automation.Test.SearchFlightTest" name="MultiCitySearch" time="2.202"/>
</testsuite> <!-- search_amhfvkhmix#1 -->
