<?xml version="1.0" encoding="UTF-8"?>
<!-- Generated by org.testng.reporters.JUnitXMLReporter -->
<testsuite ignored="0" hostname="BLR1-LHP-N81084" failures="0" tests="5" name="searchingd8ae85f1-f937-4f8c-85ea-3c569be67cef" time="11.156" errors="0" timestamp="2022-09-06T14:20:16 IST">
  <testcase classname="com.automation.Test.SearchFlightTest" name="BasicSearch" time="1.926"/>
  <testcase classname="com.automation.Test.SearchFlightTest" name="BasicSearch" time="0.102"/>
  <testcase classname="com.automation.Test.SearchFlightTest" name="ParameterizedSearch" time="1.725"/>
  <testcase classname="com.automation.Test.SearchFlightTest" name="RoundTripSearch" time="2.369"/>
  <testcase classname="com.automation.Test.SearchFlightTest" name="MultiCitySearch" time="2.337"/>
</testsuite> <!-- searchingd8ae85f1-f937-4f8c-85ea-3c569be67cef -->
