<?xml version="1.0" encoding="UTF-8"?>
<!-- Generated by org.testng.reporters.JUnitXMLReporter -->
<testsuite ignored="0" hostname="BLR1-LHP-N81084" failures="0" tests="4" name="search_dftmahfypu#1" time="10.464" errors="0" timestamp="2022-09-08T23:39:32 IST">
  <testcase classname="com.automation.Test.SearchFlightTest" name="BasicSearch" time="1.577"/>
  <testcase classname="com.automation.Test.SearchFlightTest" name="ParameterizedSearch" time="1.826"/>
  <testcase classname="com.automation.Test.SearchFlightTest" name="RoundTripSearch" time="2.411"/>
  <testcase classname="com.automation.Test.SearchFlightTest" name="MultiCitySearch" time="2.256"/>
</testsuite> <!-- search_dftmahfypu#1 -->
