<?xml version="1.0" encoding="UTF-8"?>
<!-- Generated by org.testng.reporters.JUnitXMLReporter -->
<testsuite ignored="0" hostname="BLR1-LHP-N81084" failures="0" tests="4" name="SearchFlightTest" time="6.719" errors="0" timestamp="2022-08-22T10:25:16 IST">
  <testcase classname="com.automation.Test.SearchFlightTest" name="BasicSearch" time="1.554"/>
  <testcase classname="com.automation.Test.SearchFlightTest" name="ParameterizedSearch" time="0.997"/>
  <testcase classname="com.automation.Test.SearchFlightTest" name="RoundTripSearch" time="1.57"/>
  <testcase classname="com.automation.Test.SearchFlightTest" name="MultiCitySearch" time="1.35"/>
</testsuite> <!-- SearchFlightTest -->
