<?xml version="1.0" encoding="UTF-8"?>
<!-- Generated by org.testng.reporters.JUnitXMLReporter -->
<testsuite ignored="0" hostname="BLR1-LHP-N81084" failures="0" tests="4" name="search_rxpgsxpnjz#1" time="13.65" errors="0" timestamp="2022-09-12T11:07:20 IST">
  <testcase classname="com.automation.Test.SearchFlightTest" name="BasicSearch" time="4.663"/>
  <testcase classname="com.automation.Test.SearchFlightTest" name="ParameterizedSearch" time="1.343"/>
  <testcase classname="com.automation.Test.SearchFlightTest" name="RoundTripSearch" time="1.632"/>
  <testcase classname="com.automation.Test.SearchFlightTest" name="MultiCitySearch" time="1.819"/>
</testsuite> <!-- search_rxpgsxpnjz#1 -->
