<?xml version="1.0" encoding="UTF-8"?>
<!-- Generated by org.testng.reporters.JUnitXMLReporter -->
<testsuite ignored="0" hostname="BLR1-LHP-N81084" failures="0" tests="4" name="search_mcspieyyzg#1" time="10.448" errors="0" timestamp="2022-09-09T22:18:27 IST">
  <testcase classname="com.automation.Test.SearchFlightTest" name="BasicSearch" time="1.726"/>
  <testcase classname="com.automation.Test.SearchFlightTest" name="ParameterizedSearch" time="1.72"/>
  <testcase classname="com.automation.Test.SearchFlightTest" name="RoundTripSearch" time="2.364"/>
  <testcase classname="com.automation.Test.SearchFlightTest" name="MultiCitySearch" time="2.266"/>
</testsuite> <!-- search_mcspieyyzg#1 -->
