<?xml version="1.0" encoding="UTF-8"?>
<!-- Generated by org.testng.reporters.JUnitXMLReporter -->
<testsuite ignored="0" hostname="BLR1-LHP-N81084" failures="0" tests="4" name="search_xauujuedjv#1" time="11.604" errors="0" timestamp="2022-09-08T23:29:58 IST">
  <testcase classname="com.automation.Test.SearchFlightTest" name="BasicSearch" time="1.906"/>
  <testcase classname="com.automation.Test.SearchFlightTest" name="ParameterizedSearch" time="1.731"/>
  <testcase classname="com.automation.Test.SearchFlightTest" name="RoundTripSearch" time="2.39"/>
  <testcase classname="com.automation.Test.SearchFlightTest" name="MultiCitySearch" time="2.253"/>
</testsuite> <!-- search_xauujuedjv#1 -->
