<?xml version="1.0" encoding="UTF-8"?>
<!-- Generated by org.testng.reporters.JUnitXMLReporter -->
<testsuite ignored="0" hostname="BLR1-LHP-N81084" failures="0" tests="4" name="search_eyplnmsgwj#1" time="15.995" errors="0" timestamp="2022-09-09T13:46:05 IST">
  <testcase classname="com.automation.Test.SearchFlightTest" name="BasicSearch" time="2.598"/>
  <testcase classname="com.automation.Test.SearchFlightTest" name="ParameterizedSearch" time="1.833"/>
  <testcase classname="com.automation.Test.SearchFlightTest" name="RoundTripSearch" time="2.545"/>
  <testcase classname="com.automation.Test.SearchFlightTest" name="MultiCitySearch" time="2.332"/>
</testsuite> <!-- search_eyplnmsgwj#1 -->
