<?xml version="1.0" encoding="UTF-8"?>
<!-- Generated by org.testng.reporters.JUnitXMLReporter -->
<testsuite ignored="0" hostname="BLR1-LHP-N81084" failures="0" tests="4" name="search" time="10.748" errors="0" timestamp="2022-09-08T22:53:52 IST">
  <testcase classname="com.automation.Test.SearchFlightTest" name="BasicSearch" time="2.206"/>
  <testcase classname="com.automation.Test.SearchFlightTest" name="ParameterizedSearch" time="1.682"/>
  <testcase classname="com.automation.Test.SearchFlightTest" name="RoundTripSearch" time="2.303"/>
  <testcase classname="com.automation.Test.SearchFlightTest" name="MultiCitySearch" time="2.216"/>
</testsuite> <!-- search -->
