<?xml version="1.0" encoding="UTF-8"?>
<!-- Generated by org.testng.reporters.JUnitXMLReporter -->
<testsuite ignored="0" hostname="BLR1-LHP-N81084" failures="0" tests="3" name="search_mzphitmwdn#1" time="13.566" errors="0" timestamp="2022-09-10T19:59:47 IST">
  <testcase classname="com.automation.Test.SearchFlightTest" name="BasicSearch" time="2.013"/>
  <testcase classname="com.automation.Test.SearchFlightTest" name="ParameterizedSearch" time="1.866"/>
  <testcase classname="com.automation.Test.SearchFlightTest" name="RoundTripSearch" time="2.465"/>
</testsuite> <!-- search_mzphitmwdn#1 -->
