<?xml version="1.0" encoding="UTF-8"?>
<!-- Generated by org.testng.reporters.JUnitXMLReporter -->
<testsuite ignored="0" hostname="BLR1-LHP-N81084" failures="0" tests="4" name="search_kfpbmhshbt#1" time="22.123" errors="0" timestamp="2022-09-10T21:38:03 IST">
  <testcase classname="com.automation.Test.SearchFlightTest" name="BasicSearch" time="2.722"/>
  <testcase classname="com.automation.Test.SearchFlightTest" name="ParameterizedSearch" time="3.026"/>
  <testcase classname="com.automation.Test.SearchFlightTest" name="RoundTripSearch" time="4.035"/>
  <testcase classname="com.automation.Test.SearchFlightTest" name="MultiCitySearch" time="3.948"/>
</testsuite> <!-- search_kfpbmhshbt#1 -->
