<?xml version="1.0" encoding="UTF-8"?>
<!-- Generated by org.testng.reporters.JUnitXMLReporter -->
<testsuite ignored="0" hostname="BLR1-LHP-N81084" failures="0" tests="4" name="SearchTest" time="6.731" errors="0" timestamp="2022-09-13T21:05:52 IST">
  <testcase classname="com.automation.Test.SearchFlightTest" name="BasicSearch" time="1.318"/>
  <testcase classname="com.automation.Test.SearchFlightTest" name="ParameterizedSearch" time="0.809"/>
  <testcase classname="com.automation.Test.SearchFlightTest" name="RoundTripSearch" time="1.996"/>
  <testcase classname="com.automation.Test.SearchFlightTest" name="MultiCitySearch" time="1.22"/>
</testsuite> <!-- SearchTest -->
