<?xml version="1.0" encoding="UTF-8"?>
<!-- Generated by org.testng.reporters.JUnitXMLReporter -->
<testsuite ignored="0" hostname="BLR1-LHP-N81084" failures="0" tests="4" name="search_mzuiuagexh#1" time="5.967" errors="0" timestamp="2022-09-13T21:03:13 IST">
  <testcase classname="com.automation.Test.SearchFlightTest" name="BasicSearch" time="1.208"/>
  <testcase classname="com.automation.Test.SearchFlightTest" name="ParameterizedSearch" time="0.802"/>
  <testcase classname="com.automation.Test.SearchFlightTest" name="RoundTripSearch" time="1.479"/>
  <testcase classname="com.automation.Test.SearchFlightTest" name="MultiCitySearch" time="1.189"/>
</testsuite> <!-- search_mzuiuagexh#1 -->
