<?xml version="1.0" encoding="UTF-8"?>
<!-- Generated by org.testng.reporters.JUnitXMLReporter -->
<testsuite ignored="0" hostname="BLR1-LHP-N81084" failures="0" tests="5" name="searching#1" time="11.871" errors="0" timestamp="2022-09-06T16:03:18 IST">
  <testcase classname="com.automation.Test.SearchFlightTest" name="BasicSearch" time="2.399"/>
  <testcase classname="com.automation.Test.SearchFlightTest" name="BasicSearch" time="0.099"/>
  <testcase classname="com.automation.Test.SearchFlightTest" name="ParameterizedSearch" time="1.782"/>
  <testcase classname="com.automation.Test.SearchFlightTest" name="RoundTripSearch" time="2.55"/>
  <testcase classname="com.automation.Test.SearchFlightTest" name="MultiCitySearch" time="2.319"/>
</testsuite> <!-- searching#1 -->
