<?xml version="1.0" encoding="UTF-8"?>
<!-- Generated by org.testng.reporters.JUnitXMLReporter -->
<testsuite ignored="0" hostname="BLR1-LHP-N81084" failures="0" tests="4" name="search_eytfpqovik#1" time="14.508" errors="0" timestamp="2022-09-12T11:12:17 IST">
  <testcase classname="com.automation.Test.SearchFlightTest" name="BasicSearch" time="1.699"/>
  <testcase classname="com.automation.Test.SearchFlightTest" name="ParameterizedSearch" time="2.573"/>
  <testcase classname="com.automation.Test.SearchFlightTest" name="RoundTripSearch" time="3.388"/>
  <testcase classname="com.automation.Test.SearchFlightTest" name="MultiCitySearch" time="3.403"/>
</testsuite> <!-- search_eytfpqovik#1 -->
