<?xml version="1.0" encoding="UTF-8"?>
<!-- Generated by org.testng.reporters.JUnitXMLReporter -->
<testsuite ignored="0" hostname="BLR1-LHP-N81084" failures="0" tests="4" name="search_xelfmqbdcr#1" time="10.512" errors="0" timestamp="2022-09-08T23:32:25 IST">
  <testcase classname="com.automation.Test.SearchFlightTest" name="BasicSearch" time="1.669"/>
  <testcase classname="com.automation.Test.SearchFlightTest" name="ParameterizedSearch" time="1.748"/>
  <testcase classname="com.automation.Test.SearchFlightTest" name="RoundTripSearch" time="2.332"/>
  <testcase classname="com.automation.Test.SearchFlightTest" name="MultiCitySearch" time="2.272"/>
</testsuite> <!-- search_xelfmqbdcr#1 -->
