<?xml version="1.0" encoding="UTF-8"?>
<!-- Generated by org.testng.reporters.JUnitXMLReporter -->
<testsuite ignored="0" hostname="BLR1-LHP-N81084" failures="0" tests="4" name="search#2" time="6.447" errors="0" timestamp="2022-09-08T20:51:52 IST">
  <testcase classname="com.automation.Test.SearchFlightTest" name="BasicSearch" time="0.826"/>
  <testcase classname="com.automation.Test.SearchFlightTest" name="ParameterizedSearch" time="0.885"/>
  <testcase classname="com.automation.Test.SearchFlightTest" name="RoundTripSearch" time="1.695"/>
  <testcase classname="com.automation.Test.SearchFlightTest" name="MultiCitySearch" time="1.722"/>
</testsuite> <!-- search#2 -->
