<?xml version="1.0" encoding="UTF-8"?>
<!-- Generated by org.testng.reporters.JUnitXMLReporter -->
<testsuite ignored="0" hostname="BLR1-LHP-N81084" failures="0" tests="5" name="searching#2" time="10.93" errors="0" timestamp="2022-09-06T15:00:15 IST">
  <testcase classname="com.automation.Test.SearchFlightTest" name="BasicSearch" time="1.63"/>
  <testcase classname="com.automation.Test.SearchFlightTest" name="BasicSearch" time="0.092"/>
  <testcase classname="com.automation.Test.SearchFlightTest" name="ParameterizedSearch" time="1.757"/>
  <testcase classname="com.automation.Test.SearchFlightTest" name="RoundTripSearch" time="2.479"/>
  <testcase classname="com.automation.Test.SearchFlightTest" name="MultiCitySearch" time="2.309"/>
</testsuite> <!-- searching#2 -->
