<?xml version="1.0" encoding="UTF-8"?>
<!-- Generated by org.testng.reporters.JUnitXMLReporter -->
<testsuite ignored="0" hostname="BLR1-LHP-N81084" failures="0" tests="4" name="search_hjpiqpvrhn#1" time="6.743" errors="0" timestamp="2022-09-11T18:16:02 IST">
  <testcase classname="com.automation.Test.SearchFlightTest" name="BasicSearch" time="1.384"/>
  <testcase classname="com.automation.Test.SearchFlightTest" name="ParameterizedSearch" time="0.898"/>
  <testcase classname="com.automation.Test.SearchFlightTest" name="RoundTripSearch" time="1.427"/>
  <testcase classname="com.automation.Test.SearchFlightTest" name="MultiCitySearch" time="1.817"/>
</testsuite> <!-- search_hjpiqpvrhn#1 -->
