<?xml version="1.0" encoding="UTF-8"?>
<!-- Generated by org.testng.reporters.JUnitXMLReporter -->
<testsuite ignored="0" hostname="BLR1-LHP-N81084" failures="0" tests="4" name="search_afjwjogzed#1" time="14.57" errors="0" timestamp="2022-09-10T20:31:45 IST">
  <testcase classname="com.automation.Test.SearchFlightTest" name="BasicSearch" time="1.824"/>
  <testcase classname="com.automation.Test.SearchFlightTest" name="ParameterizedSearch" time="1.856"/>
  <testcase classname="com.automation.Test.SearchFlightTest" name="RoundTripSearch" time="2.417"/>
  <testcase classname="com.automation.Test.SearchFlightTest" name="MultiCitySearch" time="2.351"/>
</testsuite> <!-- search_afjwjogzed#1 -->
