<?xml version="1.0" encoding="UTF-8"?>
<!-- Generated by org.testng.reporters.JUnitXMLReporter -->
<testsuite ignored="0" hostname="BLR1-LHP-N81084" failures="1" tests="2" name="book_qsyduperjv#1" time="3.159" errors="0" timestamp="2022-09-11T18:21:52 IST">
  <testcase classname="com.automation.Test.BookingTest" name="loadSearchPage" time="1.435"/>
  <testcase classname="com.automation.Test.BookingTest" name="verifyBooking" time="0.32">
    <failure type="java.lang.NullPointerException" message="Cannot invoke &amp;quot;java.lang.Boolean.booleanValue()&amp;quot; because &amp;quot;value&amp;quot; is null">
      <![CDATA[java.lang.NullPointerException: Cannot invoke "java.lang.Boolean.booleanValue()" because "value" is null
at org.openqa.selenium.remote.RemoteWebElement.isEnabled(RemoteWebElement.java:199)
at org.openqa.selenium.support.ui.ExpectedConditions$22.apply(ExpectedConditions.java:633)
at org.openqa.selenium.support.ui.ExpectedConditions$22.apply(ExpectedConditions.java:628)
at org.openqa.selenium.support.ui.FluentWait.until(FluentWait.java:208)
at com.automation.Pages.BookFlightPage.proceedBooking(BookFlightPage.java:36)
at com.automation.Test.BookingTest.verifyBooking(BookingTest.java:23)
at java.base/java.util.ArrayList.forEach(ArrayList.java:1511)
at com.automation.TestRunner.RunnerConfig.runNG(RunnerConfig.java:28)
at com.automation.TestRunner.App$7$2.run(App.java:471)
... Removed 24 stack frames]]>
    </failure>
  </testcase> <!-- verifyBooking -->
</testsuite> <!-- book_qsyduperjv#1 -->
