<?xml version="1.0" encoding="UTF-8"?>
<!-- Generated by org.testng.reporters.JUnitXMLReporter -->
<testsuite ignored="0" hostname="BLR1-LHP-N81084" failures="0" tests="4" name="search_nyqsqqcjwf#1" time="11.367" errors="0" timestamp="2022-09-08T23:30:10 IST">
  <testcase classname="com.automation.Test.SearchFlightTest" name="BasicSearch" time="1.539"/>
  <testcase classname="com.automation.Test.SearchFlightTest" name="ParameterizedSearch" time="1.71"/>
  <testcase classname="com.automation.Test.SearchFlightTest" name="RoundTripSearch" time="2.377"/>
  <testcase classname="com.automation.Test.SearchFlightTest" name="MultiCitySearch" time="2.252"/>
</testsuite> <!-- search_nyqsqqcjwf#1 -->
