<?xml version="1.0" encoding="UTF-8"?>
<!-- Generated by org.testng.reporters.JUnitXMLReporter -->
<testsuite ignored="0" hostname="BLR1-LHP-N81084" failures="0" tests="4" name="search_sinoqbesei#1" time="10.08" errors="0" timestamp="2022-09-08T23:34:54 IST">
  <testcase classname="com.automation.Test.SearchFlightTest" name="BasicSearch" time="1.565"/>
  <testcase classname="com.automation.Test.SearchFlightTest" name="ParameterizedSearch" time="1.636"/>
  <testcase classname="com.automation.Test.SearchFlightTest" name="RoundTripSearch" time="2.346"/>
  <testcase classname="com.automation.Test.SearchFlightTest" name="MultiCitySearch" time="2.236"/>
</testsuite> <!-- search_sinoqbesei#1 -->
