<?xml version="1.0" encoding="UTF-8"?>
<!-- Generated by org.testng.reporters.JUnitXMLReporter -->
<testsuite ignored="0" hostname="BLR1-LHP-N81084" failures="0" tests="4" name="search_hqrpazoojh#1" time="14.622" errors="0" timestamp="2022-09-11T18:21:49 IST">
  <testcase classname="com.automation.Test.SearchFlightTest" name="BasicSearch" time="1.915"/>
  <testcase classname="com.automation.Test.SearchFlightTest" name="ParameterizedSearch" time="2.545"/>
  <testcase classname="com.automation.Test.SearchFlightTest" name="RoundTripSearch" time="3.355"/>
  <testcase classname="com.automation.Test.SearchFlightTest" name="MultiCitySearch" time="3.397"/>
</testsuite> <!-- search_hqrpazoojh#1 -->
